<?xml version="1.0" encoding="UTF-8"?>
<!-- Generated by org.testng.reporters.JUnitReportReporter -->
<testsuite skipped="7" hostname="DESKTOP-GPMOM1I" name="com.framework.utils.ExcelUtilsTest" tests="7" failures="0" timestamp="09 五月 2018 14:47:10 GMT" time="0.000" errors="0">
  <testcase name="test_allSheets" time="0.000" classname="com.framework.utils.ExcelUtilsTest">
    <skipped/>
  </testcase> <!-- test_allSheets -->
  <testcase name="test_getExcelType" time="0.000" classname="com.framework.utils.ExcelUtilsTest">
    <skipped/>
  </testcase> <!-- test_getExcelType -->
  <testcase name="test_readExcel" time="0.000" classname="com.framework.utils.ExcelUtilsTest">
    <skipped/>
  </testcase> <!-- test_readExcel -->
  <testcase name="test_isSheetExist" time="0.000" classname="com.framework.utils.ExcelUtilsTest">
    <skipped/>
  </testcase> <!-- test_isSheetExist -->
  <testcase name="test_readSheet" time="0.000" classname="com.framework.utils.ExcelUtilsTest">
    <skipped/>
  </testcase> <!-- test_readSheet -->
  <testcase name="test_getSheetNames" time="0.000" classname="com.framework.utils.ExcelUtilsTest">
    <skipped/>
  </testcase> <!-- test_getSheetNames -->
  <testcase name="test_readTestCases" time="0.000" classname="com.framework.utils.ExcelUtilsTest">
    <skipped/>
  </testcase> <!-- test_readTestCases -->
</testsuite> <!-- com.framework.utils.ExcelUtilsTest -->
