<?xml version="1.0" encoding="UTF-8"?>
<!-- Generated by org.testng.reporters.JUnitReportReporter -->
<testsuite skipped="4" hostname="DESKTOP-GPMOM1I" name="com.framework.utils.StringUtilsTest" tests="4" failures="0" timestamp="09 五月 2018 14:47:10 GMT" time="0.000" errors="0">
  <testcase name="test_breakupString" time="0.000" classname="com.framework.utils.StringUtilsTest">
    <skipped/>
  </testcase> <!-- test_breakupString -->
  <testcase name="test_isEmpty" time="0.000" classname="com.framework.utils.StringUtilsTest">
    <skipped/>
  </testcase> <!-- test_isEmpty -->
  <testcase name="test_inputString" time="0.000" classname="com.framework.utils.StringUtilsTest">
    <skipped/>
  </testcase> <!-- test_inputString -->
  <testcase name="test_isNotEmpty" time="0.000" classname="com.framework.utils.StringUtilsTest">
    <skipped/>
  </testcase> <!-- test_isNotEmpty -->
</testsuite> <!-- com.framework.utils.StringUtilsTest -->
