<?xml version="1.0" encoding="UTF-8"?>
<!-- Generated by org.testng.reporters.JUnitReportReporter -->
<testsuite skipped="1" hostname="DESKTOP-GPMOM1I" name="com.appium.keyword.ios.IosSimulatorTest" tests="1" failures="0" timestamp="08 五月 2018 13:40:41 GMT" time="0.000" errors="0">
  <testcase name="test_iOSNsPredicateString" time="0.000" classname="com.appium.keyword.ios.IosSimulatorTest">
    <skipped/>
  </testcase> <!-- test_iOSNsPredicateString -->
</testsuite> <!-- com.appium.keyword.ios.IosSimulatorTest -->
