<?xml version="1.0" encoding="UTF-8"?>
<!-- Generated by org.testng.reporters.JUnitReportReporter -->
<testsuite skipped="2" hostname="DESKTOP-GPMOM1I" name="com.framework.utils.FileUtilsTest" tests="2" failures="0" timestamp="09 五月 2018 14:47:10 GMT" time="0.000" errors="0">
  <testcase name="test_getDeleteFile" time="0.000" classname="com.framework.utils.FileUtilsTest">
    <skipped/>
  </testcase> <!-- test_getDeleteFile -->
  <testcase name="test_getClassPath" time="0.000" classname="com.framework.utils.FileUtilsTest">
    <skipped/>
  </testcase> <!-- test_getClassPath -->
</testsuite> <!-- com.framework.utils.FileUtilsTest -->
