<?xml version="1.0" encoding="UTF-8"?>
<!-- Generated by org.testng.reporters.JUnitReportReporter -->
<testsuite skipped="1" hostname="DESKTOP-GPMOM1I" name="com.appium.keyword.android.AndroidSimpleTest" tests="1" failures="0" timestamp="01 六月 2018 14:54:10 GMT" time="0.000" errors="0">
  <testcase name="test" time="0.000" classname="com.appium.keyword.android.AndroidSimpleTest">
    <skipped/>
  </testcase> <!-- test -->
</testsuite> <!-- com.appium.keyword.android.AndroidSimpleTest -->
